[0m[[0m[0mdebug[0m] [0m[0m> Exec(submit vineet.1821mca1049@kiet.edu Jm044aTcreB8KBeU, Some(b9e733db-987d-47d7-be25-7e3ab2e74656), Some(CommandSource(console0)))[0m
[0m[[0m[0mdebug[0m] [0m[0mEvaluating tasks: submit[0m
[0m[[0m[0mdebug[0m] [0m[0mRunning task... Cancel: bloop.integrations.sbt.Offloader$$anon$1@51b11186, check cycles: false, forcegc: true[0m
[0m[[0m[0minfo[0m] [0m[0mAttempting to submit "codecs" assignment in "effective-scala" course[0m
[0m[[0m[0minfo[0m] [0m[0mUsing:[0m
[0m[[0m[0minfo[0m] [0m[0m- email: vineet.1821mca1049@kiet.edu[0m
[0m[[0m[0minfo[0m] [0m[0m- submit token: Jm044aTcreB8KBeU[0m
[0m[[0m[0minfo[0m] [0m[0mConnecting to Coursera...[0m
[0m[[0m[0minfo[0m] [0m[0mSuccessfully connected to Coursera. (Status 201)[0m
[0m[[0m[0minfo[0m] [0m[0m[0m
[0m[[0m[0minfo[0m] [0m[0mAssignment submitted successfully![0m
[0m[[0m[0minfo[0m] [0m[0m[0m
[0m[[0m[0minfo[0m] [0m[0mYou can see how you scored by going to:[0m
[0m[[0m[0minfo[0m] [0m[0mhttps://www.coursera.org/learn/effective-scala/programming/Y1NKF/[0m
[0m[[0m[0minfo[0m] [0m[0mor (for premium learners):[0m
[0m[[0m[0minfo[0m] [0m[0mhttps://www.coursera.org/learn/effective-scala/programming/goQXj[0m
[0m[[0m[0minfo[0m] [0m[0m                       [0m
[0m[[0m[0minfo[0m] [0m[0mand clicking on "My Submission".[0m
[0m[[0m[32msuccess[0m] [0m[0mTotal time: 3 s, completed 02-Feb-2022, 8:12:25 AM[0m
[0m[[0m[0mdebug[0m] [0m[0m> Exec(shell, None, None)[0m
[0m[[0m[0mdebug[0m] [0m[0mForcing garbage collection...[0m
[0m[[0m[0minfo[0m] [0m[0mshutting down sbt server[0m
